-------------------------------------------------------------------------------
Test set: restAssured.BookingWorkflowTestClass
-------------------------------------------------------------------------------
Tests run: 2, Failures: 1, Errors: 0, Skipped: 0, Time elapsed: 6.224 s <<< FAILURE! - in restAssured.BookingWorkflowTestClass
restAssured.BookingWorkflowTestClass.checkFirstBookingInfo  Time elapsed: 2.014 s  <<< FAILURE!
org.opentest4j.AssertionFailedError: expected: <John> but was: <Susan>
	at restAssured.BookingWorkflowTestClass.checkFirstBookingInfo(BookingWorkflowTestClass.java:48)

